{
"/Users/neil/extensions/php-docblock/out/src/util/config.js":{"path":"/Users/neil/extensions/php-docblock/out/src/util/config.js","s":{"1":1,"2":1,"3":1,"4":0,"5":0,"6":0,"7":0,"8":0,"9":0,"10":0,"11":0,"12":0,"13":0,"14":0,"15":0,"16":0,"17":0,"18":0,"19":0,"20":0,"21":0,"22":1},"b":{"1":[0,0],"2":[0,0],"3":[0,0]},"f":{"1":0,"2":0,"3":0,"4":0,"5":0,"6":0},"fnMap":{"1":{"name":"(anonymous_1)","line":9,"loc":{"start":{"line":9,"column":15},"end":{"line":9,"column":18}}},"2":{"name":"(anonymous_2)","line":22,"loc":{"start":{"line":22,"column":23},"end":{"line":22,"column":26}}},"3":{"name":"(anonymous_3)","line":34,"loc":{"start":{"line":34,"column":12},"end":{"line":34,"column":19}}},"4":{"name":"(anonymous_4)","line":40,"loc":{"start":{"line":40,"column":8},"end":{"line":40,"column":11}}},"5":{"name":"(anonymous_5)","line":57,"loc":{"start":{"line":57,"column":12},"end":{"line":57,"column":24}}},"6":{"name":"(anonymous_6)","line":65,"loc":{"start":{"line":65,"column":7},"end":{"line":65,"column":17}}}},"statementMap":{"1":{"start":{"line":2,"column":0},"end":{"line":2,"column":62}},"2":{"start":{"line":3,"column":0},"end":{"line":3,"column":35}},"3":{"start":{"line":4,"column":0},"end":{"line":4,"column":25}},"4":{"start":{"line":15,"column":8},"end":{"line":15,"column":27}},"5":{"start":{"line":23,"column":8},"end":{"line":26,"column":9}},"6":{"start":{"line":24,"column":12},"end":{"line":24,"column":40}},"7":{"start":{"line":25,"column":12},"end":{"line":25,"column":34}},"8":{"start":{"line":27,"column":8},"end":{"line":27,"column":30}},"9":{"start":{"line":35,"column":8},"end":{"line":35,"column":27}},"10":{"start":{"line":41,"column":8},"end":{"line":50,"column":9}},"11":{"start":{"line":42,"column":12},"end":{"line":42,"column":28}},"12":{"start":{"line":43,"column":12},"end":{"line":43,"column":107}},"13":{"start":{"line":44,"column":12},"end":{"line":44,"column":73}},"14":{"start":{"line":45,"column":12},"end":{"line":48,"column":13}},"15":{"start":{"line":46,"column":16},"end":{"line":46,"column":38}},"16":{"start":{"line":47,"column":16},"end":{"line":47,"column":74}},"17":{"start":{"line":49,"column":12},"end":{"line":49,"column":31}},"18":{"start":{"line":58,"column":8},"end":{"line":58,"column":60}},"19":{"start":{"line":66,"column":8},"end":{"line":68,"column":9}},"20":{"start":{"line":67,"column":12},"end":{"line":67,"column":86}},"21":{"start":{"line":69,"column":8},"end":{"line":69,"column":34}},"22":{"start":{"line":72,"column":0},"end":{"line":72,"column":25}}},"branchMap":{"1":{"line":23,"type":"if","locations":[{"start":{"line":23,"column":8},"end":{"line":23,"column":8}},{"start":{"line":23,"column":8},"end":{"line":23,"column":8}}]},"2":{"line":41,"type":"if","locations":[{"start":{"line":41,"column":8},"end":{"line":41,"column":8}},{"start":{"line":41,"column":8},"end":{"line":41,"column":8}}]},"3":{"line":66,"type":"if","locations":[{"start":{"line":66,"column":8},"end":{"line":66,"column":8}},{"start":{"line":66,"column":8},"end":{"line":66,"column":8}}]}},"l":{"2":1,"3":1,"4":1,"15":0,"23":0,"24":0,"25":0,"27":0,"35":0,"41":0,"42":0,"43":0,"44":0,"45":0,"46":0,"47":0,"49":0,"58":0,"66":0,"67":0,"69":0,"72":1}},
"/Users/neil/extensions/php-docblock/out/src/block/class.js":{"path":"/Users/neil/extensions/php-docblock/out/src/block/class.js","s":{"1":1,"2":1,"3":1,"4":1,"5":0,"6":0,"7":0,"8":0,"9":0,"10":0,"11":1},"b":{},"f":{"1":0,"2":0},"fnMap":{"1":{"name":"(anonymous_1)","line":10,"loc":{"start":{"line":10,"column":15},"end":{"line":10,"column":18}}},"2":{"name":"(anonymous_2)","line":20,"loc":{"start":{"line":20,"column":9},"end":{"line":20,"column":12}}}},"statementMap":{"1":{"start":{"line":2,"column":0},"end":{"line":2,"column":62}},"2":{"start":{"line":3,"column":0},"end":{"line":3,"column":36}},"3":{"start":{"line":4,"column":0},"end":{"line":4,"column":32}},"4":{"start":{"line":5,"column":0},"end":{"line":5,"column":43}},"5":{"start":{"line":11,"column":8},"end":{"line":11,"column":28}},"6":{"start":{"line":15,"column":8},"end":{"line":15,"column":94}},"7":{"start":{"line":21,"column":8},"end":{"line":21,"column":34}},"8":{"start":{"line":22,"column":8},"end":{"line":22,"column":61}},"9":{"start":{"line":23,"column":8},"end":{"line":23,"column":70}},"10":{"start":{"line":24,"column":8},"end":{"line":24,"column":19}},"11":{"start":{"line":27,"column":0},"end":{"line":27,"column":24}}},"branchMap":{},"l":{"2":1,"3":1,"4":1,"5":1,"11":0,"15":0,"21":0,"22":0,"23":0,"24":0,"27":1}},
"/Users/neil/extensions/php-docblock/out/src/block.js":{"path":"/Users/neil/extensions/php-docblock/out/src/block.js","s":{"1":1,"2":1,"3":1,"4":0,"5":0,"6":0,"7":0,"8":0,"9":0,"10":0,"11":0,"12":0,"13":0,"14":0,"15":0,"16":0,"17":0,"18":0,"19":0,"20":0,"21":0,"22":0,"23":0,"24":0,"25":0,"26":0,"27":0,"28":0,"29":0,"30":0,"31":0,"32":0,"33":0,"34":0,"35":0,"36":0,"37":0,"38":0,"39":0,"40":0,"41":0,"42":0,"43":0,"44":0,"45":0,"46":0,"47":0,"48":0,"49":0,"50":0,"51":0,"52":0,"53":0,"54":0,"55":0,"56":0,"57":1},"b":{"1":[0,0],"2":[0,0],"3":[0,0],"4":[0,0],"5":[0,0],"6":[0,0],"7":[0,0],"8":[0,0],"9":[0,0],"10":[0,0],"11":[0,0]},"f":{"1":0,"2":0,"3":0,"4":0,"5":0,"6":0,"7":0,"8":0},"fnMap":{"1":{"name":"(anonymous_1)","line":19,"loc":{"start":{"line":19,"column":15},"end":{"line":19,"column":34}}},"2":{"name":"(anonymous_2)","line":37,"loc":{"start":{"line":37,"column":8},"end":{"line":37,"column":11}}},"3":{"name":"(anonymous_3)","line":45,"loc":{"start":{"line":45,"column":9},"end":{"line":45,"column":12}}},"4":{"name":"(anonymous_4)","line":55,"loc":{"start":{"line":55,"column":16},"end":{"line":55,"column":28}}},"5":{"name":"(anonymous_5)","line":67,"loc":{"start":{"line":67,"column":12},"end":{"line":67,"column":31}}},"6":{"name":"(anonymous_6)","line":91,"loc":{"start":{"line":91,"column":15},"end":{"line":91,"column":55}}},"7":{"name":"(anonymous_7)","line":116,"loc":{"start":{"line":116,"column":16},"end":{"line":116,"column":19}}},"8":{"name":"(anonymous_8)","line":133,"loc":{"start":{"line":133,"column":20},"end":{"line":133,"column":28}}}},"statementMap":{"1":{"start":{"line":2,"column":0},"end":{"line":2,"column":62}},"2":{"start":{"line":3,"column":0},"end":{"line":3,"column":35}},"3":{"start":{"line":4,"column":0},"end":{"line":4,"column":46}},"4":{"start":{"line":25,"column":8},"end":{"line":25,"column":36}},"5":{"start":{"line":26,"column":8},"end":{"line":26,"column":33}},"6":{"start":{"line":27,"column":8},"end":{"line":27,"column":29}},"7":{"start":{"line":28,"column":8},"end":{"line":28,"column":70}},"8":{"start":{"line":38,"column":8},"end":{"line":38,"column":49}},"9":{"start":{"line":46,"column":8},"end":{"line":46,"column":50}},"10":{"start":{"line":56,"column":8},"end":{"line":56,"column":35}},"11":{"start":{"line":68,"column":8},"end":{"line":68,"column":36}},"12":{"start":{"line":69,"column":8},"end":{"line":69,"column":58}},"13":{"start":{"line":70,"column":8},"end":{"line":70,"column":52}},"14":{"start":{"line":71,"column":8},"end":{"line":73,"column":9}},"15":{"start":{"line":72,"column":12},"end":{"line":72,"column":22}},"16":{"start":{"line":74,"column":8},"end":{"line":74,"column":78}},"17":{"start":{"line":75,"column":8},"end":{"line":78,"column":9}},"18":{"start":{"line":76,"column":12},"end":{"line":76,"column":19}},"19":{"start":{"line":77,"column":12},"end":{"line":77,"column":58}},"20":{"start":{"line":79,"column":8},"end":{"line":79,"column":68}},"21":{"start":{"line":80,"column":8},"end":{"line":80,"column":51}},"22":{"start":{"line":81,"column":8},"end":{"line":81,"column":51}},"23":{"start":{"line":92,"column":8},"end":{"line":92,"column":23}},"24":{"start":{"line":93,"column":8},"end":{"line":93,"column":45}},"25":{"start":{"line":94,"column":8},"end":{"line":94,"column":23}},"26":{"start":{"line":95,"column":8},"end":{"line":108,"column":9}},"27":{"start":{"line":96,"column":12},"end":{"line":96,"column":43}},"28":{"start":{"line":97,"column":12},"end":{"line":106,"column":13}},"29":{"start":{"line":98,"column":16},"end":{"line":98,"column":31}},"30":{"start":{"line":99,"column":16},"end":{"line":99,"column":22}},"31":{"start":{"line":101,"column":17},"end":{"line":106,"column":13}},"32":{"start":{"line":102,"column":16},"end":{"line":102,"column":25}},"33":{"start":{"line":104,"column":17},"end":{"line":106,"column":13}},"34":{"start":{"line":105,"column":16},"end":{"line":105,"column":25}},"35":{"start":{"line":107,"column":12},"end":{"line":107,"column":27}},"36":{"start":{"line":109,"column":8},"end":{"line":109,"column":41}},"37":{"start":{"line":117,"column":8},"end":{"line":124,"column":9}},"38":{"start":{"line":118,"column":12},"end":{"line":118,"column":132}},"39":{"start":{"line":119,"column":12},"end":{"line":119,"column":75}},"40":{"start":{"line":120,"column":12},"end":{"line":120,"column":41}},"41":{"start":{"line":121,"column":12},"end":{"line":121,"column":67}},"42":{"start":{"line":122,"column":12},"end":{"line":122,"column":77}},"43":{"start":{"line":123,"column":12},"end":{"line":123,"column":65}},"44":{"start":{"line":125,"column":8},"end":{"line":125,"column":30}},"45":{"start":{"line":134,"column":8},"end":{"line":134,"column":19}},"46":{"start":{"line":136,"column":8},"end":{"line":138,"column":9}},"47":{"start":{"line":137,"column":12},"end":{"line":137,"column":78}},"48":{"start":{"line":140,"column":8},"end":{"line":142,"column":9}},"49":{"start":{"line":141,"column":12},"end":{"line":141,"column":77}},"50":{"start":{"line":144,"column":8},"end":{"line":146,"column":9}},"51":{"start":{"line":145,"column":12},"end":{"line":145,"column":27}},"52":{"start":{"line":148,"column":8},"end":{"line":150,"column":9}},"53":{"start":{"line":149,"column":12},"end":{"line":149,"column":28}},"54":{"start":{"line":152,"column":8},"end":{"line":154,"column":9}},"55":{"start":{"line":153,"column":12},"end":{"line":153,"column":27}},"56":{"start":{"line":155,"column":8},"end":{"line":155,"column":24}},"57":{"start":{"line":158,"column":0},"end":{"line":158,"column":22}}},"branchMap":{"1":{"line":71,"type":"if","locations":[{"start":{"line":71,"column":8},"end":{"line":71,"column":8}},{"start":{"line":71,"column":8},"end":{"line":71,"column":8}}]},"2":{"line":97,"type":"if","locations":[{"start":{"line":97,"column":12},"end":{"line":97,"column":12}},{"start":{"line":97,"column":12},"end":{"line":97,"column":12}}]},"3":{"line":97,"type":"binary-expr","locations":[{"start":{"line":97,"column":16},"end":{"line":97,"column":31}},{"start":{"line":97,"column":35},"end":{"line":97,"column":46}}]},"4":{"line":101,"type":"if","locations":[{"start":{"line":101,"column":17},"end":{"line":101,"column":17}},{"start":{"line":101,"column":17},"end":{"line":101,"column":17}}]},"5":{"line":104,"type":"if","locations":[{"start":{"line":104,"column":17},"end":{"line":104,"column":17}},{"start":{"line":104,"column":17},"end":{"line":104,"column":17}}]},"6":{"line":117,"type":"if","locations":[{"start":{"line":117,"column":8},"end":{"line":117,"column":8}},{"start":{"line":117,"column":8},"end":{"line":117,"column":8}}]},"7":{"line":136,"type":"if","locations":[{"start":{"line":136,"column":8},"end":{"line":136,"column":8}},{"start":{"line":136,"column":8},"end":{"line":136,"column":8}}]},"8":{"line":140,"type":"if","locations":[{"start":{"line":140,"column":8},"end":{"line":140,"column":8}},{"start":{"line":140,"column":8},"end":{"line":140,"column":8}}]},"9":{"line":144,"type":"if","locations":[{"start":{"line":144,"column":8},"end":{"line":144,"column":8}},{"start":{"line":144,"column":8},"end":{"line":144,"column":8}}]},"10":{"line":148,"type":"if","locations":[{"start":{"line":148,"column":8},"end":{"line":148,"column":8}},{"start":{"line":148,"column":8},"end":{"line":148,"column":8}}]},"11":{"line":152,"type":"if","locations":[{"start":{"line":152,"column":8},"end":{"line":152,"column":8}},{"start":{"line":152,"column":8},"end":{"line":152,"column":8}}]}},"l":{"2":1,"3":1,"4":1,"25":0,"26":0,"27":0,"28":0,"38":0,"46":0,"56":0,"68":0,"69":0,"70":0,"71":0,"72":0,"74":0,"75":0,"76":0,"77":0,"79":0,"80":0,"81":0,"92":0,"93":0,"94":0,"95":0,"96":0,"97":0,"98":0,"99":0,"101":0,"102":0,"104":0,"105":0,"107":0,"109":0,"117":0,"118":0,"119":0,"120":0,"121":0,"122":0,"123":0,"125":0,"134":0,"136":0,"137":0,"140":0,"141":0,"144":0,"145":0,"148":0,"149":0,"152":0,"153":0,"155":0,"158":1}},
"/Users/neil/extensions/php-docblock/out/src/util/TypeUtil.js":{"path":"/Users/neil/extensions/php-docblock/out/src/util/TypeUtil.js","s":{"1":1,"2":1,"3":0,"4":0,"5":0,"6":0,"7":0,"8":0,"9":0,"10":0,"11":0,"12":0,"13":0,"14":0,"15":0,"16":0,"17":0,"18":0,"19":0,"20":0,"21":0,"22":0,"23":1},"b":{"1":[0,0],"2":[0,0],"3":[0,0],"4":[0,0],"5":[0,0],"6":[0,0],"7":[0,0,0,0,0],"8":[0,0],"9":[0,0]},"f":{"1":0,"2":0,"3":0},"fnMap":{"1":{"name":"(anonymous_1)","line":13,"loc":{"start":{"line":13,"column":23},"end":{"line":13,"column":26}}},"2":{"name":"(anonymous_2)","line":24,"loc":{"start":{"line":24,"column":25},"end":{"line":24,"column":38}}},"3":{"name":"(anonymous_3)","line":46,"loc":{"start":{"line":46,"column":26},"end":{"line":46,"column":33}}}},"statementMap":{"1":{"start":{"line":2,"column":0},"end":{"line":2,"column":62}},"2":{"start":{"line":3,"column":0},"end":{"line":3,"column":37}},"3":{"start":{"line":14,"column":8},"end":{"line":14,"column":63}},"4":{"start":{"line":25,"column":8},"end":{"line":27,"column":9}},"5":{"start":{"line":26,"column":12},"end":{"line":26,"column":24}},"6":{"start":{"line":28,"column":8},"end":{"line":28,"column":88}},"7":{"start":{"line":29,"column":8},"end":{"line":29,"column":36}},"8":{"start":{"line":30,"column":8},"end":{"line":38,"column":9}},"9":{"start":{"line":31,"column":12},"end":{"line":33,"column":13}},"10":{"start":{"line":32,"column":16},"end":{"line":32,"column":41}},"11":{"start":{"line":34,"column":12},"end":{"line":36,"column":13}},"12":{"start":{"line":35,"column":16},"end":{"line":35,"column":31}},"13":{"start":{"line":37,"column":12},"end":{"line":37,"column":34}},"14":{"start":{"line":39,"column":8},"end":{"line":39,"column":20}},"15":{"start":{"line":47,"column":8},"end":{"line":62,"column":9}},"16":{"start":{"line":50,"column":16},"end":{"line":52,"column":17}},"17":{"start":{"line":51,"column":20},"end":{"line":51,"column":37}},"18":{"start":{"line":53,"column":16},"end":{"line":53,"column":30}},"19":{"start":{"line":56,"column":16},"end":{"line":58,"column":17}},"20":{"start":{"line":57,"column":20},"end":{"line":57,"column":37}},"21":{"start":{"line":59,"column":16},"end":{"line":59,"column":29}},"22":{"start":{"line":61,"column":16},"end":{"line":61,"column":28}},"23":{"start":{"line":65,"column":0},"end":{"line":65,"column":27}}},"branchMap":{"1":{"line":14,"type":"binary-expr","locations":[{"start":{"line":14,"column":15},"end":{"line":14,"column":29}},{"start":{"line":14,"column":34},"end":{"line":14,"column":61}}]},"2":{"line":25,"type":"if","locations":[{"start":{"line":25,"column":8},"end":{"line":25,"column":8}},{"start":{"line":25,"column":8},"end":{"line":25,"column":8}}]},"3":{"line":30,"type":"if","locations":[{"start":{"line":30,"column":8},"end":{"line":30,"column":8}},{"start":{"line":30,"column":8},"end":{"line":30,"column":8}}]},"4":{"line":30,"type":"binary-expr","locations":[{"start":{"line":30,"column":12},"end":{"line":30,"column":24}},{"start":{"line":30,"column":28},"end":{"line":30,"column":43}}]},"5":{"line":31,"type":"if","locations":[{"start":{"line":31,"column":12},"end":{"line":31,"column":12}},{"start":{"line":31,"column":12},"end":{"line":31,"column":12}}]},"6":{"line":34,"type":"if","locations":[{"start":{"line":34,"column":12},"end":{"line":34,"column":12}},{"start":{"line":34,"column":12},"end":{"line":34,"column":12}}]},"7":{"line":47,"type":"switch","locations":[{"start":{"line":48,"column":12},"end":{"line":48,"column":24}},{"start":{"line":49,"column":12},"end":{"line":53,"column":30}},{"start":{"line":54,"column":12},"end":{"line":54,"column":23}},{"start":{"line":55,"column":12},"end":{"line":59,"column":29}},{"start":{"line":60,"column":12},"end":{"line":61,"column":28}}]},"8":{"line":50,"type":"if","locations":[{"start":{"line":50,"column":16},"end":{"line":50,"column":16}},{"start":{"line":50,"column":16},"end":{"line":50,"column":16}}]},"9":{"line":56,"type":"if","locations":[{"start":{"line":56,"column":16},"end":{"line":56,"column":16}},{"start":{"line":56,"column":16},"end":{"line":56,"column":16}}]}},"l":{"2":1,"3":1,"14":0,"25":0,"26":0,"28":0,"29":0,"30":0,"31":0,"32":0,"34":0,"35":0,"37":0,"39":0,"47":0,"50":0,"51":0,"53":0,"56":0,"57":0,"59":0,"61":0,"65":1}},
"/Users/neil/extensions/php-docblock/out/src/doc.js":{"path":"/Users/neil/extensions/php-docblock/out/src/doc.js","s":{"1":1,"2":1,"3":1,"4":0,"5":0,"6":0,"7":0,"8":0,"9":0,"10":0,"11":0,"12":0,"13":0,"14":0,"15":0,"16":0,"17":0,"18":0,"19":0,"20":0,"21":0,"22":0,"23":0,"24":0,"25":0,"26":0,"27":0,"28":0,"29":0,"30":0,"31":0,"32":0,"33":0,"34":0,"35":0,"36":0,"37":0,"38":0,"39":0,"40":0,"41":0,"42":0,"43":0,"44":0,"45":0,"46":0,"47":0,"48":0,"49":0,"50":0,"51":0,"52":0,"53":0,"54":0,"55":0,"56":0,"57":0,"58":0,"59":0,"60":0,"61":0,"62":0,"63":0,"64":0,"65":0,"66":0,"67":0,"68":0,"69":0,"70":0,"71":0,"72":0,"73":0,"74":0,"75":0,"76":0,"77":0,"78":0,"79":0,"80":0,"81":1,"82":0,"83":0,"84":1},"b":{"1":[0,0],"2":[0,0],"3":[0,0],"4":[0,0],"5":[0,0],"6":[0,0],"7":[0,0],"8":[0,0],"9":[0,0],"10":[0,0],"11":[0,0],"12":[0,0,0],"13":[0,0],"14":[0,0],"15":[0,0],"16":[0,0],"17":[0,0],"18":[0,0],"19":[0,0],"20":[0,0],"21":[0,0],"22":[0,0],"23":[0,0],"24":[0,0],"25":[0,0],"26":[0,0],"27":[0,0],"28":[0,0],"29":[0,0,0],"30":[0,0],"31":[0,0],"32":[0,0],"33":[0,0],"34":[0,0]},"f":{"1":0,"2":0,"3":0,"4":0,"5":0,"6":0,"7":0},"fnMap":{"1":{"name":"(anonymous_1)","line":17,"loc":{"start":{"line":17,"column":15},"end":{"line":17,"column":30}}},"2":{"name":"(anonymous_2)","line":31,"loc":{"start":{"line":31,"column":14},"end":{"line":31,"column":22}}},"3":{"name":"(anonymous_3)","line":53,"loc":{"start":{"line":53,"column":9},"end":{"line":53,"column":27}}},"4":{"name":"(anonymous_4)","line":129,"loc":{"start":{"line":129,"column":57},"end":{"line":129,"column":69}}},"5":{"name":"(anonymous_5)","line":143,"loc":{"start":{"line":143,"column":16},"end":{"line":143,"column":27}}},"6":{"name":"(anonymous_6)","line":151,"loc":{"start":{"line":151,"column":16},"end":{"line":151,"column":19}}},"7":{"name":"(anonymous_7)","line":175,"loc":{"start":{"line":175,"column":15},"end":{"line":175,"column":28}}}},"statementMap":{"1":{"start":{"line":2,"column":0},"end":{"line":2,"column":62}},"2":{"start":{"line":3,"column":0},"end":{"line":3,"column":35}},"3":{"start":{"line":4,"column":0},"end":{"line":4,"column":42}},"4":{"start":{"line":23,"column":8},"end":{"line":23,"column":25}},"5":{"start":{"line":24,"column":8},"end":{"line":24,"column":31}},"6":{"start":{"line":32,"column":8},"end":{"line":34,"column":9}},"7":{"start":{"line":33,"column":12},"end":{"line":33,"column":39}},"8":{"start":{"line":35,"column":8},"end":{"line":37,"column":9}},"9":{"start":{"line":36,"column":12},"end":{"line":36,"column":33}},"10":{"start":{"line":38,"column":8},"end":{"line":40,"column":9}},"11":{"start":{"line":39,"column":12},"end":{"line":39,"column":41}},"12":{"start":{"line":41,"column":8},"end":{"line":45,"column":9}},"13":{"start":{"line":42,"column":12},"end":{"line":44,"column":15}},"14":{"start":{"line":43,"column":16},"end":{"line":43,"column":68}},"15":{"start":{"line":54,"column":8},"end":{"line":54,"column":59}},"16":{"start":{"line":55,"column":8},"end":{"line":55,"column":55}},"17":{"start":{"line":56,"column":8},"end":{"line":56,"column":67}},"18":{"start":{"line":57,"column":8},"end":{"line":57,"column":30}},"19":{"start":{"line":58,"column":8},"end":{"line":58,"column":27}},"20":{"start":{"line":59,"column":8},"end":{"line":59,"column":29}},"21":{"start":{"line":60,"column":8},"end":{"line":60,"column":29}},"22":{"start":{"line":61,"column":8},"end":{"line":61,"column":31}},"23":{"start":{"line":62,"column":8},"end":{"line":65,"column":9}},"24":{"start":{"line":63,"column":12},"end":{"line":63,"column":23}},"25":{"start":{"line":64,"column":12},"end":{"line":64,"column":23}},"26":{"start":{"line":66,"column":8},"end":{"line":66,"column":88}},"27":{"start":{"line":67,"column":8},"end":{"line":75,"column":9}},"28":{"start":{"line":68,"column":12},"end":{"line":68,"column":29}},"29":{"start":{"line":69,"column":12},"end":{"line":74,"column":15}},"30":{"start":{"line":70,"column":16},"end":{"line":72,"column":17}},"31":{"start":{"line":71,"column":20},"end":{"line":71,"column":40}},"32":{"start":{"line":73,"column":16},"end":{"line":73,"column":101}},"33":{"start":{"line":76,"column":8},"end":{"line":78,"column":9}},"34":{"start":{"line":77,"column":12},"end":{"line":77,"column":56}},"35":{"start":{"line":79,"column":8},"end":{"line":81,"column":9}},"36":{"start":{"line":80,"column":12},"end":{"line":80,"column":65}},"37":{"start":{"line":82,"column":8},"end":{"line":84,"column":9}},"38":{"start":{"line":83,"column":12},"end":{"line":83,"column":43}},"39":{"start":{"line":85,"column":8},"end":{"line":85,"column":31}},"40":{"start":{"line":86,"column":8},"end":{"line":122,"column":9}},"41":{"start":{"line":87,"column":12},"end":{"line":87,"column":48}},"42":{"start":{"line":88,"column":12},"end":{"line":88,"column":27}},"43":{"start":{"line":89,"column":12},"end":{"line":112,"column":13}},"44":{"start":{"line":90,"column":16},"end":{"line":90,"column":43}},"45":{"start":{"line":91,"column":16},"end":{"line":93,"column":17}},"46":{"start":{"line":92,"column":20},"end":{"line":92,"column":47}},"47":{"start":{"line":95,"column":17},"end":{"line":112,"column":13}},"48":{"start":{"line":96,"column":16},"end":{"line":96,"column":39}},"49":{"start":{"line":98,"column":17},"end":{"line":112,"column":13}},"50":{"start":{"line":99,"column":16},"end":{"line":99,"column":42}},"51":{"start":{"line":100,"column":16},"end":{"line":102,"column":17}},"52":{"start":{"line":101,"column":20},"end":{"line":101,"column":48}},"53":{"start":{"line":104,"column":17},"end":{"line":112,"column":13}},"54":{"start":{"line":105,"column":16},"end":{"line":105,"column":41}},"55":{"start":{"line":107,"column":17},"end":{"line":112,"column":13}},"56":{"start":{"line":108,"column":16},"end":{"line":108,"column":41}},"57":{"start":{"line":110,"column":17},"end":{"line":112,"column":13}},"58":{"start":{"line":111,"column":16},"end":{"line":111,"column":48}},"59":{"start":{"line":113,"column":12},"end":{"line":115,"column":13}},"60":{"start":{"line":114,"column":16},"end":{"line":114,"column":39}},"61":{"start":{"line":116,"column":12},"end":{"line":118,"column":13}},"62":{"start":{"line":117,"column":16},"end":{"line":117,"column":47}},"63":{"start":{"line":119,"column":12},"end":{"line":121,"column":13}},"64":{"start":{"line":120,"column":16},"end":{"line":120,"column":39}},"65":{"start":{"line":123,"column":8},"end":{"line":125,"column":9}},"66":{"start":{"line":124,"column":12},"end":{"line":124,"column":32}},"67":{"start":{"line":126,"column":8},"end":{"line":126,"column":54}},"68":{"start":{"line":127,"column":8},"end":{"line":127,"column":60}},"69":{"start":{"line":128,"column":8},"end":{"line":128,"column":21}},"70":{"start":{"line":129,"column":8},"end":{"line":132,"column":11}},"71":{"start":{"line":130,"column":12},"end":{"line":130,"column":19}},"72":{"start":{"line":131,"column":12},"end":{"line":131,"column":29}},"73":{"start":{"line":133,"column":8},"end":{"line":133,"column":62}},"74":{"start":{"line":134,"column":8},"end":{"line":134,"column":79}},"75":{"start":{"line":135,"column":8},"end":{"line":135,"column":65}},"76":{"start":{"line":136,"column":8},"end":{"line":136,"column":23}},"77":{"start":{"line":144,"column":8},"end":{"line":144,"column":34}},"78":{"start":{"line":152,"column":8},"end":{"line":160,"column":9}},"79":{"start":{"line":153,"column":12},"end":{"line":159,"column":14}},"80":{"start":{"line":161,"column":8},"end":{"line":161,"column":30}},"81":{"start":{"line":164,"column":0},"end":{"line":164,"column":18}},"82":{"start":{"line":176,"column":8},"end":{"line":176,"column":25}},"83":{"start":{"line":177,"column":8},"end":{"line":177,"column":25}},"84":{"start":{"line":180,"column":0},"end":{"line":180,"column":22}}},"branchMap":{"1":{"line":32,"type":"if","locations":[{"start":{"line":32,"column":8},"end":{"line":32,"column":8}},{"start":{"line":32,"column":8},"end":{"line":32,"column":8}}]},"2":{"line":35,"type":"if","locations":[{"start":{"line":35,"column":8},"end":{"line":35,"column":8}},{"start":{"line":35,"column":8},"end":{"line":35,"column":8}}]},"3":{"line":38,"type":"if","locations":[{"start":{"line":38,"column":8},"end":{"line":38,"column":8}},{"start":{"line":38,"column":8},"end":{"line":38,"column":8}}]},"4":{"line":41,"type":"if","locations":[{"start":{"line":41,"column":8},"end":{"line":41,"column":8}},{"start":{"line":41,"column":8},"end":{"line":41,"column":8}}]},"5":{"line":41,"type":"binary-expr","locations":[{"start":{"line":41,"column":12},"end":{"line":41,"column":38}},{"start":{"line":41,"column":42},"end":{"line":41,"column":69}}]},"6":{"line":62,"type":"if","locations":[{"start":{"line":62,"column":8},"end":{"line":62,"column":8}},{"start":{"line":62,"column":8},"end":{"line":62,"column":8}}]},"7":{"line":66,"type":"cond-expr","locations":[{"start":{"line":66,"column":57},"end":{"line":66,"column":60}},{"start":{"line":66,"column":63},"end":{"line":66,"column":65}}]},"8":{"line":67,"type":"if","locations":[{"start":{"line":67,"column":8},"end":{"line":67,"column":8}},{"start":{"line":67,"column":8},"end":{"line":67,"column":8}}]},"9":{"line":70,"type":"if","locations":[{"start":{"line":70,"column":16},"end":{"line":70,"column":16}},{"start":{"line":70,"column":16},"end":{"line":70,"column":16}}]},"10":{"line":76,"type":"if","locations":[{"start":{"line":76,"column":8},"end":{"line":76,"column":8}},{"start":{"line":76,"column":8},"end":{"line":76,"column":8}}]},"11":{"line":79,"type":"if","locations":[{"start":{"line":79,"column":8},"end":{"line":79,"column":8}},{"start":{"line":79,"column":8},"end":{"line":79,"column":8}}]},"12":{"line":79,"type":"binary-expr","locations":[{"start":{"line":79,"column":12},"end":{"line":79,"column":23}},{"start":{"line":79,"column":28},"end":{"line":79,"column":49}},{"start":{"line":79,"column":53},"end":{"line":79,"column":96}}]},"13":{"line":82,"type":"if","locations":[{"start":{"line":82,"column":8},"end":{"line":82,"column":8}},{"start":{"line":82,"column":8},"end":{"line":82,"column":8}}]},"14":{"line":82,"type":"binary-expr","locations":[{"start":{"line":82,"column":12},"end":{"line":82,"column":32}},{"start":{"line":82,"column":36},"end":{"line":82,"column":52}}]},"15":{"line":89,"type":"if","locations":[{"start":{"line":89,"column":12},"end":{"line":89,"column":12}},{"start":{"line":89,"column":12},"end":{"line":89,"column":12}}]},"16":{"line":89,"type":"binary-expr","locations":[{"start":{"line":89,"column":16},"end":{"line":89,"column":32}},{"start":{"line":89,"column":36},"end":{"line":89,"column":49}}]},"17":{"line":91,"type":"if","locations":[{"start":{"line":91,"column":16},"end":{"line":91,"column":16}},{"start":{"line":91,"column":16},"end":{"line":91,"column":16}}]},"18":{"line":95,"type":"if","locations":[{"start":{"line":95,"column":17},"end":{"line":95,"column":17}},{"start":{"line":95,"column":17},"end":{"line":95,"column":17}}]},"19":{"line":95,"type":"binary-expr","locations":[{"start":{"line":95,"column":21},"end":{"line":95,"column":33}},{"start":{"line":95,"column":37},"end":{"line":95,"column":46}}]},"20":{"line":98,"type":"if","locations":[{"start":{"line":98,"column":17},"end":{"line":98,"column":17}},{"start":{"line":98,"column":17},"end":{"line":98,"column":17}}]},"21":{"line":98,"type":"binary-expr","locations":[{"start":{"line":98,"column":21},"end":{"line":98,"column":36}},{"start":{"line":98,"column":40},"end":{"line":98,"column":52}}]},"22":{"line":100,"type":"if","locations":[{"start":{"line":100,"column":16},"end":{"line":100,"column":16}},{"start":{"line":100,"column":16},"end":{"line":100,"column":16}}]},"23":{"line":104,"type":"if","locations":[{"start":{"line":104,"column":17},"end":{"line":104,"column":17}},{"start":{"line":104,"column":17},"end":{"line":104,"column":17}}]},"24":{"line":104,"type":"binary-expr","locations":[{"start":{"line":104,"column":21},"end":{"line":104,"column":35}},{"start":{"line":104,"column":39},"end":{"line":104,"column":50}}]},"25":{"line":107,"type":"if","locations":[{"start":{"line":107,"column":17},"end":{"line":107,"column":17}},{"start":{"line":107,"column":17},"end":{"line":107,"column":17}}]},"26":{"line":107,"type":"binary-expr","locations":[{"start":{"line":107,"column":21},"end":{"line":107,"column":35}},{"start":{"line":107,"column":39},"end":{"line":107,"column":50}}]},"27":{"line":110,"type":"if","locations":[{"start":{"line":110,"column":17},"end":{"line":110,"column":17}},{"start":{"line":110,"column":17},"end":{"line":110,"column":17}}]},"28":{"line":113,"type":"if","locations":[{"start":{"line":113,"column":12},"end":{"line":113,"column":12}},{"start":{"line":113,"column":12},"end":{"line":113,"column":12}}]},"29":{"line":113,"type":"binary-expr","locations":[{"start":{"line":113,"column":16},"end":{"line":113,"column":26}},{"start":{"line":113,"column":30},"end":{"line":113,"column":50}},{"start":{"line":113,"column":54},"end":{"line":113,"column":99}}]},"30":{"line":116,"type":"if","locations":[{"start":{"line":116,"column":12},"end":{"line":116,"column":12}},{"start":{"line":116,"column":12},"end":{"line":116,"column":12}}]},"31":{"line":119,"type":"if","locations":[{"start":{"line":119,"column":12},"end":{"line":119,"column":12}},{"start":{"line":119,"column":12},"end":{"line":119,"column":12}}]},"32":{"line":119,"type":"binary-expr","locations":[{"start":{"line":119,"column":16},"end":{"line":119,"column":26}},{"start":{"line":119,"column":30},"end":{"line":119,"column":49}}]},"33":{"line":123,"type":"if","locations":[{"start":{"line":123,"column":8},"end":{"line":123,"column":8}},{"start":{"line":123,"column":8},"end":{"line":123,"column":8}}]},"34":{"line":152,"type":"if","locations":[{"start":{"line":152,"column":8},"end":{"line":152,"column":8}},{"start":{"line":152,"column":8},"end":{"line":152,"column":8}}]}},"l":{"2":1,"3":1,"4":1,"23":0,"24":0,"32":0,"33":0,"35":0,"36":0,"38":0,"39":0,"41":0,"42":0,"43":0,"54":0,"55":0,"56":0,"57":0,"58":0,"59":0,"60":0,"61":0,"62":0,"63":0,"64":0,"66":0,"67":0,"68":0,"69":0,"70":0,"71":0,"73":0,"76":0,"77":0,"79":0,"80":0,"82":0,"83":0,"85":0,"86":0,"87":0,"88":0,"89":0,"90":0,"91":0,"92":0,"95":0,"96":0,"98":0,"99":0,"100":0,"101":0,"104":0,"105":0,"107":0,"108":0,"110":0,"111":0,"113":0,"114":0,"116":0,"117":0,"119":0,"120":0,"123":0,"124":0,"126":0,"127":0,"128":0,"129":0,"130":0,"131":0,"133":0,"134":0,"135":0,"136":0,"144":0,"152":0,"153":0,"161":0,"164":1,"176":0,"177":0,"180":1}},
"/Users/neil/extensions/php-docblock/out/src/completions.js":{"path":"/Users/neil/extensions/php-docblock/out/src/completions.js","s":{"1":1,"2":1,"3":1,"4":1,"5":1,"6":1,"7":0,"8":0,"9":0,"10":0,"11":0,"12":0,"13":0,"14":0,"15":0,"16":0,"17":0,"18":0,"19":0,"20":0,"21":0,"22":0,"23":0,"24":0,"25":0,"26":0,"27":0,"28":0,"29":0,"30":0,"31":0,"32":0,"33":0,"34":0,"35":0,"36":0,"37":0,"38":1},"b":{"1":[0,0],"2":[0,0],"3":[0,0],"4":[0,0]},"f":{"1":1,"2":0,"3":0},"fnMap":{"1":{"name":"(anonymous_1)","line":10,"loc":{"start":{"line":10,"column":15},"end":{"line":10,"column":18}}},"2":{"name":"(anonymous_2)","line":270,"loc":{"start":{"line":270,"column":26},"end":{"line":270,"column":54}}},"3":{"name":"(anonymous_3)","line":304,"loc":{"start":{"line":304,"column":11},"end":{"line":304,"column":14}}}},"statementMap":{"1":{"start":{"line":2,"column":0},"end":{"line":2,"column":62}},"2":{"start":{"line":3,"column":0},"end":{"line":3,"column":35}},"3":{"start":{"line":4,"column":0},"end":{"line":4,"column":45}},"4":{"start":{"line":5,"column":0},"end":{"line":5,"column":42}},"5":{"start":{"line":16,"column":8},"end":{"line":253,"column":10}},"6":{"start":{"line":259,"column":8},"end":{"line":259,"column":31}},"7":{"start":{"line":271,"column":8},"end":{"line":271,"column":24}},"8":{"start":{"line":272,"column":8},"end":{"line":272,"column":18}},"9":{"start":{"line":273,"column":8},"end":{"line":283,"column":9}},"10":{"start":{"line":274,"column":12},"end":{"line":274,"column":95}},"11":{"start":{"line":275,"column":12},"end":{"line":275,"column":96}},"12":{"start":{"line":276,"column":12},"end":{"line":276,"column":44}},"13":{"start":{"line":277,"column":12},"end":{"line":277,"column":89}},"14":{"start":{"line":278,"column":12},"end":{"line":278,"column":81}},"15":{"start":{"line":279,"column":12},"end":{"line":279,"column":32}},"16":{"start":{"line":280,"column":12},"end":{"line":280,"column":57}},"17":{"start":{"line":281,"column":12},"end":{"line":281,"column":31}},"18":{"start":{"line":282,"column":12},"end":{"line":282,"column":26}},"19":{"start":{"line":284,"column":8},"end":{"line":286,"column":9}},"20":{"start":{"line":285,"column":12},"end":{"line":285,"column":26}},"21":{"start":{"line":287,"column":8},"end":{"line":287,"column":45}},"22":{"start":{"line":288,"column":8},"end":{"line":290,"column":11}},"23":{"start":{"line":289,"column":12},"end":{"line":289,"column":50}},"24":{"start":{"line":291,"column":8},"end":{"line":296,"column":11}},"25":{"start":{"line":292,"column":12},"end":{"line":292,"column":97}},"26":{"start":{"line":293,"column":12},"end":{"line":293,"column":31}},"27":{"start":{"line":294,"column":12},"end":{"line":294,"column":70}},"28":{"start":{"line":295,"column":12},"end":{"line":295,"column":30}},"29":{"start":{"line":297,"column":8},"end":{"line":297,"column":22}},"30":{"start":{"line":305,"column":8},"end":{"line":314,"column":9}},"31":{"start":{"line":306,"column":12},"end":{"line":312,"column":15}},"32":{"start":{"line":307,"column":16},"end":{"line":311,"column":17}},"33":{"start":{"line":308,"column":20},"end":{"line":308,"column":112}},"34":{"start":{"line":309,"column":20},"end":{"line":309,"column":114}},"35":{"start":{"line":310,"column":20},"end":{"line":310,"column":43}},"36":{"start":{"line":313,"column":12},"end":{"line":313,"column":34}},"37":{"start":{"line":315,"column":8},"end":{"line":315,"column":25}},"38":{"start":{"line":318,"column":0},"end":{"line":318,"column":30}}},"branchMap":{"1":{"line":273,"type":"if","locations":[{"start":{"line":273,"column":8},"end":{"line":273,"column":8}},{"start":{"line":273,"column":8},"end":{"line":273,"column":8}}]},"2":{"line":284,"type":"if","locations":[{"start":{"line":284,"column":8},"end":{"line":284,"column":8}},{"start":{"line":284,"column":8},"end":{"line":284,"column":8}}]},"3":{"line":305,"type":"if","locations":[{"start":{"line":305,"column":8},"end":{"line":305,"column":8}},{"start":{"line":305,"column":8},"end":{"line":305,"column":8}}]},"4":{"line":307,"type":"if","locations":[{"start":{"line":307,"column":16},"end":{"line":307,"column":16}},{"start":{"line":307,"column":16},"end":{"line":307,"column":16}}]}},"l":{"2":1,"3":1,"4":1,"5":1,"16":1,"259":1,"271":0,"272":0,"273":0,"274":0,"275":0,"276":0,"277":0,"278":0,"279":0,"280":0,"281":0,"282":0,"284":0,"285":0,"287":0,"288":0,"289":0,"291":0,"292":0,"293":0,"294":0,"295":0,"297":0,"305":0,"306":0,"307":0,"308":0,"309":0,"310":0,"313":0,"315":0,"318":1}},
"/Users/neil/extensions/php-docblock/out/src/documenter.js":{"path":"/Users/neil/extensions/php-docblock/out/src/documenter.js","s":{"1":1,"2":1,"3":1,"4":1,"5":1,"6":0,"7":0,"8":0,"9":0,"10":0,"11":0,"12":0,"13":0,"14":0,"15":0,"16":0,"17":0,"18":1},"b":{"1":[0,0],"2":[0,0],"3":[0,0]},"f":{"1":0,"2":0},"fnMap":{"1":{"name":"(anonymous_1)","line":18,"loc":{"start":{"line":18,"column":15},"end":{"line":18,"column":31}}},"2":{"name":"(anonymous_2)","line":28,"loc":{"start":{"line":28,"column":16},"end":{"line":28,"column":19}}}},"statementMap":{"1":{"start":{"line":2,"column":0},"end":{"line":2,"column":62}},"2":{"start":{"line":3,"column":0},"end":{"line":3,"column":47}},"3":{"start":{"line":4,"column":0},"end":{"line":4,"column":47}},"4":{"start":{"line":5,"column":0},"end":{"line":5,"column":41}},"5":{"start":{"line":6,"column":0},"end":{"line":6,"column":31}},"6":{"start":{"line":19,"column":8},"end":{"line":19,"column":42}},"7":{"start":{"line":20,"column":8},"end":{"line":20,"column":29}},"8":{"start":{"line":29,"column":8},"end":{"line":29,"column":76}},"9":{"start":{"line":30,"column":8},"end":{"line":32,"column":9}},"10":{"start":{"line":31,"column":12},"end":{"line":31,"column":40}},"11":{"start":{"line":33,"column":8},"end":{"line":33,"column":76}},"12":{"start":{"line":34,"column":8},"end":{"line":36,"column":9}},"13":{"start":{"line":35,"column":12},"end":{"line":35,"column":40}},"14":{"start":{"line":37,"column":8},"end":{"line":37,"column":72}},"15":{"start":{"line":38,"column":8},"end":{"line":40,"column":9}},"16":{"start":{"line":39,"column":12},"end":{"line":39,"column":39}},"17":{"start":{"line":41,"column":8},"end":{"line":41,"column":43}},"18":{"start":{"line":44,"column":0},"end":{"line":44,"column":29}}},"branchMap":{"1":{"line":30,"type":"if","locations":[{"start":{"line":30,"column":8},"end":{"line":30,"column":8}},{"start":{"line":30,"column":8},"end":{"line":30,"column":8}}]},"2":{"line":34,"type":"if","locations":[{"start":{"line":34,"column":8},"end":{"line":34,"column":8}},{"start":{"line":34,"column":8},"end":{"line":34,"column":8}}]},"3":{"line":38,"type":"if","locations":[{"start":{"line":38,"column":8},"end":{"line":38,"column":8}},{"start":{"line":38,"column":8},"end":{"line":38,"column":8}}]}},"l":{"2":1,"3":1,"4":1,"5":1,"6":1,"19":0,"20":0,"29":0,"30":0,"31":0,"33":0,"34":0,"35":0,"37":0,"38":0,"39":0,"41":0,"44":1}},
"/Users/neil/extensions/php-docblock/out/src/block/function.js":{"path":"/Users/neil/extensions/php-docblock/out/src/block/function.js","s":{"1":1,"2":1,"3":1,"4":1,"5":1,"6":0,"7":0,"8":0,"9":0,"10":0,"11":0,"12":0,"13":0,"14":0,"15":0,"16":0,"17":0,"18":0,"19":0,"20":0,"21":0,"22":0,"23":0,"24":0,"25":0,"26":0,"27":0,"28":0,"29":0,"30":0,"31":0,"32":0,"33":0,"34":0,"35":0,"36":0,"37":0,"38":0,"39":0,"40":0,"41":0,"42":0,"43":0,"44":0,"45":1},"b":{"1":[0,0],"2":[0,0],"3":[0,0],"4":[0,0],"5":[0,0],"6":[0,0],"7":[0,0],"8":[0,0],"9":[0,0],"10":[0,0],"11":[0,0],"12":[0,0],"13":[0,0,0,0,0,0,0,0,0]},"f":{"1":0,"2":0,"3":0},"fnMap":{"1":{"name":"(anonymous_1)","line":15,"loc":{"start":{"line":15,"column":15},"end":{"line":15,"column":18}}},"2":{"name":"(anonymous_2)","line":25,"loc":{"start":{"line":25,"column":9},"end":{"line":25,"column":12}}},"3":{"name":"(anonymous_3)","line":77,"loc":{"start":{"line":77,"column":21},"end":{"line":77,"column":28}}}},"statementMap":{"1":{"start":{"line":2,"column":0},"end":{"line":2,"column":62}},"2":{"start":{"line":3,"column":0},"end":{"line":3,"column":36}},"3":{"start":{"line":4,"column":0},"end":{"line":4,"column":32}},"4":{"start":{"line":5,"column":0},"end":{"line":5,"column":47}},"5":{"start":{"line":6,"column":0},"end":{"line":6,"column":43}},"6":{"start":{"line":16,"column":8},"end":{"line":16,"column":28}},"7":{"start":{"line":20,"column":8},"end":{"line":20,"column":113}},"8":{"start":{"line":26,"column":8},"end":{"line":26,"column":34}},"9":{"start":{"line":27,"column":8},"end":{"line":27,"column":57}},"10":{"start":{"line":28,"column":8},"end":{"line":28,"column":73}},"11":{"start":{"line":29,"column":8},"end":{"line":29,"column":62}},"12":{"start":{"line":30,"column":8},"end":{"line":30,"column":17}},"13":{"start":{"line":31,"column":8},"end":{"line":54,"column":9}},"14":{"start":{"line":32,"column":12},"end":{"line":32,"column":44}},"15":{"start":{"line":33,"column":12},"end":{"line":35,"column":13}},"16":{"start":{"line":34,"column":16},"end":{"line":34,"column":43}},"17":{"start":{"line":36,"column":12},"end":{"line":53,"column":13}},"18":{"start":{"line":37,"column":16},"end":{"line":37,"column":38}},"19":{"start":{"line":38,"column":16},"end":{"line":38,"column":123}},"20":{"start":{"line":39,"column":16},"end":{"line":39,"column":36}},"21":{"start":{"line":40,"column":16},"end":{"line":42,"column":17}},"22":{"start":{"line":41,"column":20},"end":{"line":41,"column":97}},"23":{"start":{"line":43,"column":16},"end":{"line":51,"column":17}},"24":{"start":{"line":44,"column":20},"end":{"line":44,"column":98}},"25":{"start":{"line":46,"column":21},"end":{"line":51,"column":17}},"26":{"start":{"line":47,"column":20},"end":{"line":47,"column":88}},"27":{"start":{"line":49,"column":21},"end":{"line":51,"column":17}},"28":{"start":{"line":50,"column":20},"end":{"line":50,"column":111}},"29":{"start":{"line":52,"column":16},"end":{"line":52,"column":65}},"30":{"start":{"line":55,"column":8},"end":{"line":55,"column":88}},"31":{"start":{"line":56,"column":8},"end":{"line":66,"column":9}},"32":{"start":{"line":57,"column":12},"end":{"line":59,"column":13}},"33":{"start":{"line":58,"column":16},"end":{"line":58,"column":118}},"34":{"start":{"line":60,"column":12},"end":{"line":62,"column":84}},"35":{"start":{"line":65,"column":12},"end":{"line":65,"column":59}},"36":{"start":{"line":67,"column":8},"end":{"line":67,"column":19}},"37":{"start":{"line":78,"column":8},"end":{"line":80,"column":9}},"38":{"start":{"line":79,"column":12},"end":{"line":79,"column":78}},"39":{"start":{"line":81,"column":8},"end":{"line":95,"column":9}},"40":{"start":{"line":87,"column":16},"end":{"line":87,"column":28}},"41":{"start":{"line":89,"column":16},"end":{"line":89,"column":82}},"42":{"start":{"line":92,"column":16},"end":{"line":92,"column":31}},"43":{"start":{"line":94,"column":16},"end":{"line":94,"column":32}},"44":{"start":{"line":96,"column":8},"end":{"line":96,"column":22}},"45":{"start":{"line":99,"column":0},"end":{"line":99,"column":32}}},"branchMap":{"1":{"line":31,"type":"if","locations":[{"start":{"line":31,"column":8},"end":{"line":31,"column":8}},{"start":{"line":31,"column":8},"end":{"line":31,"column":8}}]},"2":{"line":33,"type":"if","locations":[{"start":{"line":33,"column":12},"end":{"line":33,"column":12}},{"start":{"line":33,"column":12},"end":{"line":33,"column":12}}]},"3":{"line":40,"type":"if","locations":[{"start":{"line":40,"column":16},"end":{"line":40,"column":16}},{"start":{"line":40,"column":16},"end":{"line":40,"column":16}}]},"4":{"line":43,"type":"if","locations":[{"start":{"line":43,"column":16},"end":{"line":43,"column":16}},{"start":{"line":43,"column":16},"end":{"line":43,"column":16}}]},"5":{"line":43,"type":"binary-expr","locations":[{"start":{"line":43,"column":20},"end":{"line":43,"column":36}},{"start":{"line":43,"column":40},"end":{"line":43,"column":56}}]},"6":{"line":46,"type":"if","locations":[{"start":{"line":46,"column":21},"end":{"line":46,"column":21}},{"start":{"line":46,"column":21},"end":{"line":46,"column":21}}]},"7":{"line":49,"type":"if","locations":[{"start":{"line":49,"column":21},"end":{"line":49,"column":21}},{"start":{"line":49,"column":21},"end":{"line":49,"column":21}}]},"8":{"line":49,"type":"binary-expr","locations":[{"start":{"line":49,"column":25},"end":{"line":49,"column":41}},{"start":{"line":49,"column":45},"end":{"line":49,"column":59}}]},"9":{"line":56,"type":"if","locations":[{"start":{"line":56,"column":8},"end":{"line":56,"column":8}},{"start":{"line":56,"column":8},"end":{"line":56,"column":8}}]},"10":{"line":57,"type":"if","locations":[{"start":{"line":57,"column":12},"end":{"line":57,"column":12}},{"start":{"line":57,"column":12},"end":{"line":57,"column":12}}]},"11":{"line":60,"type":"cond-expr","locations":[{"start":{"line":61,"column":18},"end":{"line":61,"column":93}},{"start":{"line":62,"column":18},"end":{"line":62,"column":83}}]},"12":{"line":78,"type":"if","locations":[{"start":{"line":78,"column":8},"end":{"line":78,"column":8}},{"start":{"line":78,"column":8},"end":{"line":78,"column":8}}]},"13":{"line":81,"type":"switch","locations":[{"start":{"line":82,"column":12},"end":{"line":82,"column":31}},{"start":{"line":83,"column":12},"end":{"line":83,"column":30}},{"start":{"line":84,"column":12},"end":{"line":84,"column":25}},{"start":{"line":85,"column":12},"end":{"line":85,"column":27}},{"start":{"line":86,"column":12},"end":{"line":87,"column":28}},{"start":{"line":88,"column":12},"end":{"line":89,"column":82}},{"start":{"line":90,"column":12},"end":{"line":90,"column":27}},{"start":{"line":91,"column":12},"end":{"line":92,"column":31}},{"start":{"line":93,"column":12},"end":{"line":94,"column":32}}]}},"l":{"2":1,"3":1,"4":1,"5":1,"6":1,"16":0,"20":0,"26":0,"27":0,"28":0,"29":0,"30":0,"31":0,"32":0,"33":0,"34":0,"36":0,"37":0,"38":0,"39":0,"40":0,"41":0,"43":0,"44":0,"46":0,"47":0,"49":0,"50":0,"52":0,"55":0,"56":0,"57":0,"58":0,"60":0,"65":0,"67":0,"78":0,"79":0,"81":0,"87":0,"89":0,"92":0,"94":0,"96":0,"99":1}},
"/Users/neil/extensions/php-docblock/out/src/block/property.js":{"path":"/Users/neil/extensions/php-docblock/out/src/block/property.js","s":{"1":1,"2":1,"3":1,"4":1,"5":0,"6":0,"7":0,"8":0,"9":0,"10":0,"11":0,"12":0,"13":0,"14":1},"b":{"1":[0,0]},"f":{"1":0,"2":0},"fnMap":{"1":{"name":"(anonymous_1)","line":10,"loc":{"start":{"line":10,"column":15},"end":{"line":10,"column":18}}},"2":{"name":"(anonymous_2)","line":20,"loc":{"start":{"line":20,"column":9},"end":{"line":20,"column":12}}}},"statementMap":{"1":{"start":{"line":2,"column":0},"end":{"line":2,"column":62}},"2":{"start":{"line":3,"column":0},"end":{"line":3,"column":36}},"3":{"start":{"line":4,"column":0},"end":{"line":4,"column":32}},"4":{"start":{"line":5,"column":0},"end":{"line":5,"column":43}},"5":{"start":{"line":11,"column":8},"end":{"line":11,"column":28}},"6":{"start":{"line":15,"column":8},"end":{"line":15,"column":117}},"7":{"start":{"line":21,"column":8},"end":{"line":21,"column":34}},"8":{"start":{"line":22,"column":8},"end":{"line":22,"column":57}},"9":{"start":{"line":23,"column":8},"end":{"line":23,"column":73}},"10":{"start":{"line":24,"column":8},"end":{"line":29,"column":9}},"11":{"start":{"line":25,"column":12},"end":{"line":25,"column":55}},"12":{"start":{"line":28,"column":12},"end":{"line":28,"column":31}},"13":{"start":{"line":30,"column":8},"end":{"line":30,"column":19}},"14":{"start":{"line":33,"column":0},"end":{"line":33,"column":27}}},"branchMap":{"1":{"line":24,"type":"if","locations":[{"start":{"line":24,"column":8},"end":{"line":24,"column":8}},{"start":{"line":24,"column":8},"end":{"line":24,"column":8}}]}},"l":{"2":1,"3":1,"4":1,"5":1,"11":0,"15":0,"21":0,"22":0,"23":0,"24":0,"25":0,"28":0,"30":0,"33":1}},
"/Users/neil/extensions/php-docblock/out/src/doc/parser.js":{"path":"/Users/neil/extensions/php-docblock/out/src/doc/parser.js","s":{"1":1,"2":1,"3":0,"4":0,"5":0,"6":0,"7":0,"8":0,"9":0,"10":0,"11":0,"12":0,"13":0,"14":0,"15":0,"16":0,"17":0,"18":0,"19":1},"b":{"1":[0,0],"2":[0,0],"3":[0,0]},"f":{"1":0,"2":0},"fnMap":{"1":{"name":"(anonymous_1)","line":9,"loc":{"start":{"line":9,"column":9},"end":{"line":9,"column":16}}},"2":{"name":"(anonymous_2)","line":30,"loc":{"start":{"line":30,"column":14},"end":{"line":30,"column":21}}}},"statementMap":{"1":{"start":{"line":2,"column":0},"end":{"line":2,"column":62}},"2":{"start":{"line":3,"column":0},"end":{"line":3,"column":32}},"3":{"start":{"line":10,"column":8},"end":{"line":10,"column":37}},"4":{"start":{"line":11,"column":8},"end":{"line":13,"column":11}},"5":{"start":{"line":12,"column":12},"end":{"line":12,"column":71}},"6":{"start":{"line":14,"column":8},"end":{"line":16,"column":9}},"7":{"start":{"line":15,"column":12},"end":{"line":15,"column":26}},"8":{"start":{"line":17,"column":8},"end":{"line":19,"column":9}},"9":{"start":{"line":18,"column":12},"end":{"line":18,"column":24}},"10":{"start":{"line":20,"column":8},"end":{"line":20,"column":34}},"11":{"start":{"line":21,"column":8},"end":{"line":26,"column":9}},"12":{"start":{"line":22,"column":12},"end":{"line":22,"column":37}},"13":{"start":{"line":23,"column":12},"end":{"line":25,"column":13}},"14":{"start":{"line":24,"column":16},"end":{"line":24,"column":58}},"15":{"start":{"line":27,"column":8},"end":{"line":27,"column":32}},"16":{"start":{"line":28,"column":8},"end":{"line":28,"column":19}},"17":{"start":{"line":31,"column":8},"end":{"line":31,"column":61}},"18":{"start":{"line":32,"column":8},"end":{"line":32,"column":55}},"19":{"start":{"line":35,"column":0},"end":{"line":35,"column":28}}},"branchMap":{"1":{"line":14,"type":"if","locations":[{"start":{"line":14,"column":8},"end":{"line":14,"column":8}},{"start":{"line":14,"column":8},"end":{"line":14,"column":8}}]},"2":{"line":17,"type":"if","locations":[{"start":{"line":17,"column":8},"end":{"line":17,"column":8}},{"start":{"line":17,"column":8},"end":{"line":17,"column":8}}]},"3":{"line":23,"type":"if","locations":[{"start":{"line":23,"column":12},"end":{"line":23,"column":12}},{"start":{"line":23,"column":12},"end":{"line":23,"column":12}}]}},"l":{"2":1,"3":1,"10":0,"11":0,"12":0,"14":0,"15":0,"17":0,"18":0,"20":0,"21":0,"22":0,"23":0,"24":0,"27":0,"28":0,"31":0,"32":0,"35":1}}}
