TN:
SF:Users/neil/extensions/php-docblock/src/util/config.ts
FN:7,(anonymous_1)
FN:35,(anonymous_2)
FN:48,(anonymous_3)
FN:56,(anonymous_4)
FN:76,(anonymous_5)
FN:86,(anonymous_6)
FNF:6
FNH:0
FNDA:0,(anonymous_1)
FNDA:0,(anonymous_2)
FNDA:0,(anonymous_3)
FNDA:0,(anonymous_4)
FNDA:0,(anonymous_5)
FNDA:0,(anonymous_6)
DA:1,1
DA:2,1
DA:7,1
DA:28,0
DA:36,0
DA:37,0
DA:38,0
DA:40,0
DA:50,0
DA:58,0
DA:59,0
DA:60,0
DA:61,0
DA:62,0
DA:63,0
DA:64,0
DA:67,0
DA:78,0
DA:88,0
DA:89,0
DA:92,0
LF:21
LH:3
BRDA:36,1,0,0
BRDA:36,1,1,0
BRDA:58,2,0,0
BRDA:58,2,1,0
BRDA:88,3,0,0
BRDA:88,3,1,0
BRF:6
BRH:0
end_of_record
TN:
SF:Users/neil/extensions/php-docblock/src/block/class.ts
FN:8,(anonymous_1)
FN:18,(anonymous_2)
FNF:2
FNH:0
FNDA:0,(anonymous_1)
FNDA:0,(anonymous_2)
DA:1,1
DA:2,1
DA:3,1
DA:8,1
DA:13,0
DA:20,0
DA:21,0
DA:22,0
DA:24,0
LF:9
LH:4
BRF:0
BRH:0
end_of_record
TN:
SF:Users/neil/extensions/php-docblock/src/block.ts
FN:63,(anonymous_1)
FN:77,(anonymous_2)
FN:87,(anonymous_3)
FN:99,(anonymous_4)
FN:113,(anonymous_5)
FN:142,(anonymous_6)
FN:168,(anonymous_7)
FN:188,(anonymous_8)
FNF:8
FNH:0
FNDA:0,(anonymous_1)
FNDA:0,(anonymous_2)
FNDA:0,(anonymous_3)
FNDA:0,(anonymous_4)
FNDA:0,(anonymous_5)
FNDA:0,(anonymous_6)
FNDA:0,(anonymous_7)
FNDA:0,(anonymous_8)
DA:1,1
DA:3,1
DA:12,1
DA:48,0
DA:65,0
DA:66,0
DA:67,0
DA:79,0
DA:89,0
DA:101,0
DA:115,0
DA:116,0
DA:118,0
DA:119,0
DA:120,0
DA:123,0
DA:124,0
DA:125,0
DA:126,0
DA:128,0
DA:129,0
DA:131,0
DA:144,0
DA:145,0
DA:146,0
DA:147,0
DA:148,0
DA:149,0
DA:150,0
DA:151,0
DA:152,0
DA:153,0
DA:154,0
DA:155,0
DA:157,0
DA:160,0
DA:170,0
DA:171,0
DA:172,0
DA:173,0
DA:174,0
DA:175,0
DA:176,0
DA:179,0
DA:190,0
DA:193,0
DA:194,0
DA:198,0
DA:199,0
DA:203,0
DA:204,0
DA:208,0
DA:209,0
DA:213,0
DA:214,0
DA:217,0
LF:56
LH:3
BRDA:119,1,0,0
BRDA:119,1,1,0
BRDA:149,2,0,0
BRDA:149,2,1,0
BRDA:149,3,0,0
BRDA:149,3,1,0
BRDA:152,4,0,0
BRDA:152,4,1,0
BRDA:154,5,0,0
BRDA:154,5,1,0
BRDA:170,6,0,0
BRDA:170,6,1,0
BRDA:193,7,0,0
BRDA:193,7,1,0
BRDA:198,8,0,0
BRDA:198,8,1,0
BRDA:203,9,0,0
BRDA:203,9,1,0
BRDA:208,10,0,0
BRDA:208,10,1,0
BRDA:213,11,0,0
BRDA:213,11,1,0
BRF:22
BRH:0
end_of_record
TN:
SF:Users/neil/extensions/php-docblock/src/util/TypeUtil.ts
FN:20,(anonymous_1)
FN:32,(anonymous_2)
FN:61,(anonymous_3)
FNF:3
FNH:0
FNDA:0,(anonymous_1)
FNDA:0,(anonymous_2)
FNDA:0,(anonymous_3)
DA:2,1
DA:7,1
DA:21,0
DA:34,0
DA:35,0
DA:38,0
DA:39,0
DA:41,0
DA:42,0
DA:43,0
DA:46,0
DA:47,0
DA:50,0
DA:53,0
DA:62,0
DA:65,0
DA:66,0
DA:68,0
DA:71,0
DA:72,0
DA:74,0
DA:76,0
LF:22
LH:2
BRDA:21,1,0,0
BRDA:21,1,1,0
BRDA:34,2,0,0
BRDA:34,2,1,0
BRDA:41,3,0,0
BRDA:41,3,1,0
BRDA:41,4,0,0
BRDA:41,4,1,0
BRDA:42,5,0,0
BRDA:42,5,1,0
BRDA:46,6,0,0
BRDA:46,6,1,0
BRDA:63,7,0,0
BRDA:63,7,1,0
BRDA:63,7,2,0
BRDA:63,7,3,0
BRDA:63,7,4,0
BRDA:65,8,0,0
BRDA:65,8,1,0
BRDA:71,9,0,0
BRDA:71,9,1,0
BRF:21
BRH:0
end_of_record
TN:
SF:Users/neil/extensions/php-docblock/src/doc.ts
FN:52,(anonymous_1)
FN:62,(anonymous_2)
FN:86,(anonymous_3)
FN:174,(anonymous_4)
FN:192,(anonymous_5)
FN:202,(anonymous_6)
FN:243,(anonymous_7)
FNF:7
FNH:0
FNDA:0,(anonymous_1)
FNDA:0,(anonymous_2)
FNDA:0,(anonymous_3)
FNDA:0,(anonymous_4)
FNDA:0,(anonymous_5)
FNDA:0,(anonymous_6)
FNDA:0,(anonymous_7)
DA:1,1
DA:2,1
DA:10,1
DA:17,0
DA:54,0
DA:64,0
DA:65,0
DA:67,0
DA:68,0
DA:70,0
DA:71,0
DA:73,0
DA:74,0
DA:75,0
DA:89,0
DA:90,0
DA:91,0
DA:93,0
DA:94,0
DA:95,0
DA:96,0
DA:97,0
DA:99,0
DA:100,0
DA:101,0
DA:104,0
DA:106,0
DA:107,0
DA:108,0
DA:109,0
DA:110,0
DA:112,0
DA:116,0
DA:117,0
DA:120,0
DA:121,0
DA:124,0
DA:125,0
DA:129,0
DA:130,0
DA:131,0
DA:132,0
DA:133,0
DA:134,0
DA:135,0
DA:136,0
DA:138,0
DA:139,0
DA:140,0
DA:141,0
DA:142,0
DA:143,0
DA:145,0
DA:146,0
DA:147,0
DA:148,0
DA:149,0
DA:150,0
DA:153,0
DA:154,0
DA:157,0
DA:158,0
DA:161,0
DA:162,0
DA:166,0
DA:167,0
DA:170,0
DA:171,0
DA:173,0
DA:174,0
DA:175,0
DA:176,0
DA:179,0
DA:180,0
DA:182,0
DA:184,0
DA:194,0
DA:204,0
DA:205,0
DA:214,0
DA:221,1
DA:245,0
DA:246,0
LF:83
LH:4
BRDA:64,1,0,0
BRDA:64,1,1,0
BRDA:67,2,0,0
BRDA:67,2,1,0
BRDA:70,3,0,0
BRDA:70,3,1,0
BRDA:73,4,0,0
BRDA:73,4,1,0
BRDA:73,5,0,0
BRDA:73,5,1,0
BRDA:99,6,0,0
BRDA:99,6,1,0
BRDA:104,7,0,0
BRDA:104,7,1,0
BRDA:106,8,0,0
BRDA:106,8,1,0
BRDA:109,9,0,0
BRDA:109,9,1,0
BRDA:116,10,0,0
BRDA:116,10,1,0
BRDA:120,11,0,0
BRDA:120,11,1,0
BRDA:120,12,0,0
BRDA:120,12,1,0
BRDA:120,12,2,0
BRDA:124,13,0,0
BRDA:124,13,1,0
BRDA:124,14,0,0
BRDA:124,14,1,0
BRDA:133,15,0,0
BRDA:133,15,1,0
BRDA:133,16,0,0
BRDA:133,16,1,0
BRDA:135,17,0,0
BRDA:135,17,1,0
BRDA:138,18,0,0
BRDA:138,18,1,0
BRDA:138,19,0,0
BRDA:138,19,1,0
BRDA:140,20,0,0
BRDA:140,20,1,0
BRDA:140,21,0,0
BRDA:140,21,1,0
BRDA:142,22,0,0
BRDA:142,22,1,0
BRDA:145,23,0,0
BRDA:145,23,1,0
BRDA:145,24,0,0
BRDA:145,24,1,0
BRDA:147,25,0,0
BRDA:147,25,1,0
BRDA:147,26,0,0
BRDA:147,26,1,0
BRDA:149,27,0,0
BRDA:149,27,1,0
BRDA:153,28,0,0
BRDA:153,28,1,0
BRDA:153,29,0,0
BRDA:153,29,1,0
BRDA:153,29,2,0
BRDA:157,30,0,0
BRDA:157,30,1,0
BRDA:161,31,0,0
BRDA:161,31,1,0
BRDA:161,32,0,0
BRDA:161,32,1,0
BRDA:166,33,0,0
BRDA:166,33,1,0
BRDA:204,34,0,0
BRDA:204,34,1,0
BRF:70
BRH:0
end_of_record
TN:
SF:Users/neil/extensions/php-docblock/src/completions.ts
FN:8,(anonymous_1)
FN:270,(anonymous_2)
FN:315,(anonymous_3)
FNF:3
FNH:1
FNDA:1,(anonymous_1)
FNDA:0,(anonymous_2)
FNDA:0,(anonymous_3)
DA:1,1
DA:2,1
DA:3,1
DA:8,1
DA:15,1
DA:259,1
DA:272,0
DA:273,0
DA:275,0
DA:276,0
DA:278,0
DA:279,0
DA:280,0
DA:281,0
DA:282,0
DA:283,0
DA:284,0
DA:286,0
DA:289,0
DA:290,0
DA:293,0
DA:295,0
DA:296,0
DA:299,0
DA:300,0
DA:301,0
DA:302,0
DA:304,0
DA:307,0
DA:317,0
DA:318,0
DA:319,0
DA:320,0
DA:321,0
DA:322,0
DA:326,0
DA:329,0
LF:37
LH:6
BRDA:275,1,0,0
BRDA:275,1,1,0
BRDA:289,2,0,0
BRDA:289,2,1,0
BRDA:317,3,0,0
BRDA:317,3,1,0
BRDA:319,4,0,0
BRDA:319,4,1,0
BRF:8
BRH:0
end_of_record
TN:
SF:Users/neil/extensions/php-docblock/src/documenter.ts
FN:33,(anonymous_1)
FN:45,(anonymous_2)
FNF:2
FNH:0
FNDA:0,(anonymous_1)
FNDA:0,(anonymous_2)
DA:2,1
DA:3,1
DA:4,1
DA:5,1
DA:11,1
DA:35,0
DA:36,0
DA:47,0
DA:48,0
DA:49,0
DA:52,0
DA:53,0
DA:54,0
DA:57,0
DA:58,0
DA:59,0
DA:62,0
LF:17
LH:5
BRDA:48,1,0,0
BRDA:48,1,1,0
BRDA:53,2,0,0
BRDA:53,2,1,0
BRDA:58,3,0,0
BRDA:58,3,1,0
BRF:6
BRH:0
end_of_record
TN:
SF:Users/neil/extensions/php-docblock/src/block/function.ts
FN:14,(anonymous_1)
FN:24,(anonymous_2)
FN:87,(anonymous_3)
FNF:3
FNH:0
FNDA:0,(anonymous_1)
FNDA:0,(anonymous_2)
FNDA:0,(anonymous_3)
DA:1,1
DA:2,1
DA:3,1
DA:5,1
DA:14,1
DA:19,0
DA:26,0
DA:28,0
DA:29,0
DA:30,0
DA:31,0
DA:34,0
DA:35,0
DA:37,0
DA:38,0
DA:41,0
DA:42,0
DA:43,0
DA:44,0
DA:46,0
DA:47,0
DA:50,0
DA:51,0
DA:52,0
DA:53,0
DA:54,0
DA:55,0
DA:58,0
DA:62,0
DA:64,0
DA:65,0
DA:66,0
DA:69,0
DA:73,0
DA:76,0
DA:89,0
DA:90,0
DA:93,0
DA:99,0
DA:101,0
DA:104,0
DA:106,0
DA:109,0
LF:43
LH:5
BRDA:34,1,0,0
BRDA:34,1,1,0
BRDA:37,2,0,0
BRDA:37,2,1,0
BRDA:46,3,0,0
BRDA:46,3,1,0
BRDA:50,4,0,0
BRDA:50,4,1,0
BRDA:50,5,0,0
BRDA:50,5,1,0
BRDA:52,6,0,0
BRDA:52,6,1,0
BRDA:54,7,0,0
BRDA:54,7,1,0
BRDA:54,8,0,0
BRDA:54,8,1,0
BRDA:64,9,0,0
BRDA:64,9,1,0
BRDA:65,10,0,0
BRDA:65,10,1,0
BRDA:70,11,0,0
BRDA:70,11,1,0
BRDA:89,12,0,0
BRDA:89,12,1,0
BRDA:94,13,0,0
BRDA:94,13,1,0
BRDA:94,13,2,0
BRDA:94,13,3,0
BRDA:94,13,4,0
BRDA:94,13,5,0
BRDA:94,13,6,0
BRDA:94,13,7,0
BRDA:94,13,8,0
BRF:33
BRH:0
end_of_record
TN:
SF:Users/neil/extensions/php-docblock/src/block/property.ts
FN:8,(anonymous_1)
FN:19,(anonymous_2)
FNF:2
FNH:0
FNDA:0,(anonymous_1)
FNDA:0,(anonymous_2)
DA:1,1
DA:2,1
DA:3,1
DA:8,1
DA:14,0
DA:21,0
DA:23,0
DA:24,0
DA:26,0
DA:27,0
DA:29,0
DA:32,0
LF:12
LH:4
BRDA:26,1,0,0
BRDA:26,1,1,0
BRF:2
BRH:0
end_of_record
TN:
SF:Users/neil/extensions/php-docblock/src/doc/parser.ts
FN:9,(anonymous_1)
FN:38,(anonymous_2)
FNF:2
FNH:0
FNDA:0,(anonymous_1)
FNDA:0,(anonymous_2)
DA:1,1
DA:7,1
DA:11,0
DA:12,0
DA:13,0
DA:16,0
DA:17,0
DA:20,0
DA:21,0
DA:24,0
DA:26,0
DA:27,0
DA:28,0
DA:29,0
DA:33,0
DA:35,0
DA:40,0
DA:42,0
LF:18
LH:2
BRDA:16,1,0,0
BRDA:16,1,1,0
BRDA:20,2,0,0
BRDA:20,2,1,0
BRDA:28,3,0,0
BRDA:28,3,1,0
BRF:6
BRH:0
end_of_record
